

Error grave: código de excepción=C0000005 @ 15-11-2015 08:28:19 AM. Archivo de registro de errores: C:\Users\Mama\Documents\Tesoreria IASD Version Nueva para imprimir\VFP8Rerr.log
	Llamado desde -  form1.command2.click line 0  { }
	Llamado desde -  inicio line 0  { c:\users\mama\documents\tesoreria iasd version nueva para imprimir\tesorer.exe}


Error grave: código de excepción=C0000005 @ 13-04-2016 10:45:16 AM. Archivo de registro de errores: F:\Tesoreria IASD Version Nueva para imprimir\VFP8Rerr.log
	Llamado desde -  form1.command2.click line 0  { }
	Llamado desde -  inicio line 0  { f:\tesoreria iasd version nueva para imprimir\tesorer.exe}


Error grave: código de excepción=C0000005 @ 15-04-2016 09:40:47 PM. Archivo de registro de errores: E:\Tesoreria IASD Version Nueva para imprimir\VFP8Rerr.log
	Llamado desde -  form1.command2.click line 0  { }
	Llamado desde -  inicio line 0  { e:\tesoreria iasd version nueva para imprimir\tesorer.exe}


Error grave: código de excepción=C0000005 @ 21-05-2016 01:08:42 PM. Archivo de registro de errores: D:\Tesoreria IASD Version Nueva para imprimir\VFP8Rerr.log
	Llamado desde -  form1.command2.click line 0  { }
	Llamado desde -  inicio line 0  { d:\tesoreria iasd version nueva para imprimir\tesorer.exe}


Error grave: código de excepción=C0000005 @ 08-06-2016 05:34:00 AM. Archivo de registro de errores: F:\Tesoreria IASD Version Nueva para imprimir - copia\VFP8Rerr.log
	Llamado desde -  form1.command19.click line 0  { }
	Llamado desde -  inicio line 0  { f:\tesoreria iasd version nueva para imprimir - copia\tesorer.exe}


Error grave: código de excepción=C0000005 @ 18-09-2016 04:19:54 PM. Archivo de registro de errores: C:\Users\HIJOS DE DIOS\Desktop\Nueva carpeta\Tesoreria IASD\VFP8Rerr.log
	Llamado desde -  form1.command2.click line 0  { }
	Llamado desde -  inicio line 0  { c:\users\hijos de dios\desktop\nueva carpeta\tesoreria iasd\tesorer.exe}


Error grave: código de excepción=C0000005 @ 18-09-2016 04:28:04 PM. Archivo de registro de errores: C:\Users\HIJOS DE DIOS\Desktop\Nueva carpeta\Tesoreria IASD\VFP8Rerr.log
	Llamado desde -  form1.command2.click line 0  { }
	Llamado desde -  inicio line 0  { c:\users\hijos de dios\desktop\nueva carpeta\tesoreria iasd\tesorer.exe}


Error grave: código de excepción=C0000005 @ 20-09-2016 09:31:14 AM. Archivo de registro de errores: C:\Users\HIJOS DE DIOS\Desktop\Nueva carpeta\Tesoreria IASD\VFP8Rerr.log
	Llamado desde -  form1.command2.click line 0  { }
	Llamado desde -  inicio line 0  { c:\users\hijos de dios\desktop\nueva carpeta\tesoreria iasd\tesorer.exe}


Error grave: código de excepción=C0000005 @ 14-11-2016 10:35:19 AM. Archivo de registro de errores: C:\Users\Pedro\OneDrive\Documentos\GitHub\Tesoreria\Tesoreria IASD\VFP8Rerr.log
	Llamado desde -  form1.command2.click line 0  { }
	Llamado desde -  inicio line 0  { c:\users\pedro\onedrive\documentos\github\tesoreria\tesoreria iasd\tesorer.exe}


Error grave: código de excepción=C0000005 @ 29-11-2016 06:37:00 AM. Archivo de registro de errores: C:\Users\Pedro\OneDrive\Documentos\GitHub\Tesoreria\Tesoreria IASD\VFP8Rerr.log
	Llamado desde -  form1.command2.click line 0  { }
	Llamado desde -  inicio line 0  { c:\users\pedro\onedrive\documentos\github\tesoreria\tesoreria iasd\tesorer.exe}


Error grave: código de excepción=C0000005 @ 30-11-2016 11:34:09 PM. Archivo de registro de errores: C:\Users\Pedro\OneDrive\Documentos\GitHub\Tesoreria\Tesoreria IASD\VFP8Rerr.log
	Llamado desde -  form1.command2.click line 0  { }
	Llamado desde -  inicio line 0  { c:\users\pedro\onedrive\documentos\github\tesoreria\tesoreria iasd\tesorer.exe}


Error grave: código de excepción=C0000005 @ 01-12-2016 12:07:50 AM. Archivo de registro de errores: C:\Users\Pedro\OneDrive\Documentos\GitHub\Tesoreria\Tesoreria IASD\VFP8Rerr.log
	Llamado desde -  form1.command2.click line 0  { }
	Llamado desde -  inicio line 0  { c:\users\pedro\onedrive\documentos\github\tesoreria\tesoreria iasd\tesorer.exe}


Error grave: código de excepción=C0000005 @ 07-01-2017 07:48:25 AM. Archivo de registro de errores: C:\Users\Pedro\OneDrive\Documentos\GitHub\Tesoreria\Tesoreria IASD\VFP8Rerr.log
	Llamado desde -  form1.command2.click line 0  { }
	Llamado desde -  inicio line 0  { c:\users\pedro\onedrive\documentos\github\tesoreria\tesoreria iasd\tesorer.exe}


Error grave: código de excepción=C0000005 @ 12-02-2017 10:15:48 PM. Archivo de registro de errores: C:\Users\Pedro\OneDrive\Documentos\GitHub\Tesoreria\Tesoreria IASD\VFP8Rerr.log
	Llamado desde -  form1.unload line 0  { }
	Llamado desde -  inicio line 0  { c:\users\pedro\onedrive\documentos\github\tesoreria\tesoreria iasd\tesorer.exe}


Error grave: código de excepción=C0000005 @ 08-03-2017 06:10:58 AM. Archivo de registro de errores: C:\Users\Pedro\OneDrive\Documentos\GitHub\Tesoreria\Tesoreria IASD\VFP8Rerr.log
	Llamado desde -  form1.command2.click line 0  { }
	Llamado desde -  inicio line 0  { c:\users\pedro\onedrive\documentos\github\tesoreria\tesoreria iasd\tesorer.exe}


Error grave: código de excepción=C0000005 @ 16-03-2017 09:08:05 PM. Archivo de registro de errores: C:\Users\Pedro\OneDrive\Documentos\GitHub\Tesoreria\Tesoreria IASD\VFP8Rerr.log
	Llamado desde -  form1.command2.click line 0  { }
	Llamado desde -  inicio line 0  { c:\users\pedro\onedrive\documentos\github\tesoreria\tesoreria iasd\tesorer.exe}
